<?xml version="1.0" encoding="UTF-8"?>
<!-- Generated by org.testng.reporters.JUnitReportReporter -->
<testsuite hostname="EPINPUNW0039" name="com.trip.runner.TestNGRunner" tests="1" failures="0" timestamp="27 Jul 2018 10:48:14 GMT" time="0.006" errors="0">
  <testcase name="feature" time="0.006" classname="com.trip.runner.TestNGRunner"/>
</testsuite> <!-- com.trip.runner.TestNGRunner -->
